"../../../../../../Projects/Unreal Engine/Lutenium/Lutenium/Content/Art/Models/airplane/airplaneBones_Skeleton.uasset" 0
"../../../Engine/Content/Functions/Engine_MaterialFunctions01/Opacity/CameraDepthFade.uasset" 1
"../../../Engine/Content/EngineMaterials/T_Default_Material_Grid_N.uasset" 2
"../../../Engine/Content/EngineMaterials/T_Default_Material_Grid_M.uasset" 3
"../../../Engine/Content/EngineMaterials/DefaultMaterial.uasset" 4
"../../../Engine/Content/BasicShapes/Cone.uasset" 5
"../../../Engine/Content/Functions/Engine_MaterialFunctions01/Gradient/LinearGradient.uasset" 6
"../../../../../../Projects/Unreal Engine/Lutenium/Lutenium/Content/Art/VFX/Materials/M_Trafic_Light.uasset" 7
"../../../../../../Projects/Unreal Engine/Lutenium/Lutenium/Content/Art/VFX/Materials/M_Trafic_Light_Red_Inst.uasset" 8
"../../../Engine/Content/EngineMaterials/WorldGridMaterial.uasset" 9
"../../../../../../Projects/Unreal Engine/Lutenium/Lutenium/Content/Art/Models/Monster/v2/SM_TrafficLight_Test.uasset" 10
"../../../../../../Projects/Unreal Engine/Lutenium/Lutenium/Content/Art/Models/Building/Bridge/Bridge_Shell_Texture.uasset" 11
"../../../../../../Projects/Unreal Engine/Lutenium/Lutenium/Content/Art/MaterialFunctions/MF_InstanceRandom.uasset" 12
"../../../../../../Projects/Unreal Engine/Lutenium/Lutenium/Content/Art/Models/Building/Bridge/M_Bridge_Shell.uasset" 13
"../../../../../../Projects/Unreal Engine/Lutenium/Lutenium/Content/Art/Models/Building/Bridge/Bridge_Platform_Texture.uasset" 14
"../../../../../../Projects/Unreal Engine/Lutenium/Lutenium/Content/Art/Models/Building/Bridge/M_Bridge_Platform.uasset" 15
"../../../../../../Projects/Unreal Engine/Lutenium/Lutenium/Content/Art/Models/Building/Bridge/Fence.uasset" 16
"../../../../../../Projects/Unreal Engine/Lutenium/Lutenium/Content/Art/Models/Building/Bridge/M_Bridge_Fence.uasset" 17
"../../../../../../Projects/Unreal Engine/Lutenium/Lutenium/Content/Art/Models/Building/Bridge/Bridge_Colon.uasset" 18
"../../../../../../Projects/Unreal Engine/Lutenium/Lutenium/Content/Art/Models/Building/Bridge/M_Bridge_Colon.uasset" 19
"../../../../../../Projects/Unreal Engine/Lutenium/Lutenium/Content/Art/Models/Building/Bridge/Bridge.uasset" 20
"../../../../../../Projects/Unreal Engine/Lutenium/Lutenium/Content/Art/Models/Eviroments/FootballCourt/footbal_court_texture.uasset" 21
"../../../../../../Projects/Unreal Engine/Lutenium/Lutenium/Content/Art/Models/Eviroments/FootballCourt/M_Court.uasset" 22
"../../../../../../Projects/Unreal Engine/Lutenium/Lutenium/Content/Blueprints/Monster/Weapons/BP_TrafficLight.uasset" 23
"../../Plugins/FX/Niagara/Content/Functions/System/SystemChangeState.uasset" 24
"../../Plugins/FX/Niagara/Content/Enums/ENiagaraSystemInactiveMode.uasset" 25
"../../Plugins/FX/Niagara/Content/Enums/ENiagara_EmitterStateOptions.uasset" 26
"../../Plugins/FX/Niagara/Content/Modules/System/SystemState.uasset" 27
"../../Plugins/FX/Niagara/Content/Enums/ENiagaraTorusDistributionMode.uasset" 28
"../../Plugins/FX/Niagara/Content/Enums/ENiagaraExpansionMode.uasset" 29
"../../Plugins/FX/Niagara/Content/Enums/ENiagaraCoordinateSpace.uasset" 30
"../../Plugins/FX/Niagara/Content/Modules/Update/Forces/Drag.uasset" 31
"../../Plugins/FX/Niagara/Content/Functions/Math/RemapValueRange.uasset" 32
"../../Plugins/FX/Niagara/Content/Functions/PolarToCartesianCoordinates.uasset" 33
"../../Plugins/FX/Niagara/Content/Enums/ENiagaraRandomnessMode.uasset" 34
"../../Plugins/FX/Niagara/Content/Functions/GetRandomInfo.uasset" 35
"../../Plugins/FX/Niagara/Content/Functions/RandomRangeFloat.uasset" 36
"../../Plugins/FX/Niagara/Content/Functions/DirectionAndLengthSafe.uasset" 37
"../../Plugins/FX/Niagara/Content/Functions/RandomVectorInCone.uasset" 38
"../../Plugins/FX/Niagara/Content/Functions/Rotation/MultiplyVectorWithQuaternion.uasset" 39
"../../Plugins/FX/Niagara/Content/Functions/Rotation/FindQuatBetween.uasset" 40
"../../Plugins/FX/Niagara/Content/Functions/Localspace/TransformBase.uasset" 41
"../../Plugins/FX/Niagara/Content/Functions/Localspace/TransformVector.uasset" 42
"../../Plugins/FX/Niagara/Content/Modules/Spawn/Velocity/AddVelocityInCone.uasset" 43
"../../Plugins/FX/Niagara/Content/Functions/RandomPointInSphere.uasset" 44
"../../Plugins/FX/Niagara/Content/Functions/Localspace/SimulationPosition.uasset" 45
"../../Plugins/FX/Niagara/Content/Modules/Spawn/Location/SphereLocation.uasset" 46
"../../Plugins/FX/Niagara/Content/DynamicInputs/UniformRange/UniformRangedFloat.uasset" 47
"../../Plugins/FX/Niagara/Content/DynamicInputs/Angles/NormalizedAngleToDegrees.uasset" 48
"../../Plugins/FX/Niagara/Content/Enums/ENiagaraScaleColorMode.uasset" 49
"../../Plugins/FX/Niagara/Content/Modules/Update/Color/ScaleColor.uasset" 50
"../../Plugins/FX/Niagara/Content/DynamicInputs/ValueFromCurve/FloatFromCurve.uasset" 51
"../../Plugins/FX/Niagara/Content/Enums/ENiagaraInactiveMode.uasset" 52
"../../Plugins/FX/Niagara/Content/Enums/ENiagaraEmitterScalabilityMode_Limited.uasset" 53
"../../Plugins/FX/Niagara/Content/Enums/ENiagaraEmitterLifeCycleMode.uasset" 54
"../../Plugins/FX/Niagara/Content/Enums/ENiagara_InfiniteLoopDuration.uasset" 55
"../../Plugins/FX/Niagara/Content/Modules/Update/Lifetime/ParticleState.uasset" 56
"../../Plugins/FX/Niagara/Content/Modules/Spawn/Initialization/InitializeParticle.uasset" 57
"../../Plugins/FX/Niagara/Content/Modules/Solvers/SolveForcesAndVelocity.uasset" 58
"../../Plugins/FX/Niagara/Content/Modules/Emitter/SpawnRate.uasset" 59
"../../Plugins/FX/Niagara/Content/Functions/Emitter/EmitterChangeState.uasset" 60
"../../Plugins/FX/Niagara/Content/Enums/ENiagaraExecutionStateManagement.uasset" 61
"../../Plugins/FX/Niagara/Content/Modules/Emitter/EmitterState.uasset" 62
"../../Plugins/FX/Niagara/Content/DefaultAssets/DefaultSpriteMaterial.uasset" 63
"../../../../../../Projects/Unreal Engine/Lutenium/Lutenium/Content/Art/VFX/Airplane/Missile/NE_Missile_Thrust.uasset" 64
"../../Plugins/FX/Niagara/Content/Enums/ENiagaraRandomnessEvaluation.uasset" 65
"../../Plugins/FX/Niagara/Content/Functions/V2/CalculateRandomRangeFloat.uasset" 66
"../../Plugins/FX/Niagara/Content/Modules/Emitter/SpawnBurst_Instantaneous.uasset" 67
"../../Plugins/FX/Niagara/Content/Functions/Spline/FindPositionOnBezierSpline.uasset" 68
"../../Plugins/FX/Niagara/Content/Modules/Beams/UpdateBeam.uasset" 69
"../../Plugins/FX/Niagara/Content/Functions/NormalizedExecutionIndex.uasset" 70
"../../Plugins/FX/Niagara/Content/Modules/Beams/SpawnBeam.uasset" 71
"../../Plugins/FX/Niagara/Content/Modules/Beams/BeamWidth.uasset" 72
"../../Plugins/FX/Niagara/Content/DynamicInputs/Helpers/SimulationPosition.uasset" 73
"../../Plugins/FX/Niagara/Content/Functions/Localspace/TransformPosition.uasset" 74
"../../Plugins/FX/Niagara/Content/DynamicInputs/Multiply/Multiply_VectorByFloat.uasset" 75
"../../Plugins/FX/Niagara/Content/Modules/Beams/BeamEmitterSetup.uasset" 76
"../../../../../../Projects/Unreal Engine/Lutenium/Lutenium/Content/Art/VFX/Images/T_VFX_Trail.uasset" 77
"../../../../../../Projects/Unreal Engine/Lutenium/Lutenium/Content/Art/VFX/Materials/M_VFX_Trail.uasset" 78
"../../../../../../Projects/Unreal Engine/Lutenium/Lutenium/Content/Art/VFX/Airplane/Missile/NE_Air_Lines.uasset" 79
"../../Plugins/FX/Niagara/Content/Modules/Update/Size/ScaleSpriteSize.uasset" 80
"../../Plugins/FX/Niagara/Content/Modules/Update/Forces/PointAttractionForce.uasset" 81
"../../Plugins/FX/Niagara/Content/Modules/Update/Color/Color.uasset" 82
"../../Plugins/FX/Niagara/Content/Modules/Solvers/ApplyInitialForces.uasset" 83
"../../Plugins/FX/Niagara/Content/DynamicInputs/ValueFromCurve/ColorFromCurve.uasset" 84
"../../Plugins/FX/Niagara/Content/DynamicInputs/TypeConversions/Vector2DFromFloat.uasset" 85
"../../Plugins/FX/Niagara/Content/DynamicInputs/Multiply/Multiply_Float.uasset" 86
"../../Plugins/FX/Niagara/Content/DynamicInputs/Math/OneMinusFloat.uasset" 87
"../../../../../../Projects/Unreal Engine/Lutenium/Lutenium/Content/Art/VFX/Airplane/NE_ThrustEngine.uasset" 88
"../../../../../../Projects/Unreal Engine/Lutenium/Lutenium/Content/Art/VFX/Airplane/Missile/NS_Missile_Thrust.uasset" 89
"../../../../../../Projects/Unreal Engine/Lutenium/Lutenium/Content/Art/Models/Building/AirConditiner/airConditiner_texture.uasset" 90
"../../../../../../Projects/Unreal Engine/Lutenium/Lutenium/Content/Art/Models/Building/AirConditiner/M_AirConditiner.uasset" 91
"../../../../../../Projects/Unreal Engine/Lutenium/Lutenium/Content/Art/Models/Building/AirConditiner/AirConditener.uasset" 92
"../../../../../../Projects/Unreal Engine/Lutenium/Lutenium/Content/Art/VFX/Airplane/PS_Trail.uasset" 93
"../../../../../../Projects/Unreal Engine/Lutenium/Lutenium/Content/Blueprints/Missile/BP_Missile.uasset" 94
"../../../../../../Projects/Unreal Engine/Lutenium/Lutenium/Content/Art/VFX/Airplane/NS_Thrust.uasset" 95
"../../../../../../Projects/Unreal Engine/Lutenium/Lutenium/Content/Blueprints/Player_BP.uasset" 96
"../../../../../../Projects/Unreal Engine/Lutenium/Lutenium/Content/Art/Animation/Plane_AB.uasset" 97
"../../../../../../Projects/Unreal Engine/Lutenium/Lutenium/Content/Art/Enviroment/Textures/T_Concrete.uasset" 98
"../../../../../../Projects/Unreal Engine/Lutenium/Lutenium/Content/Art/Enviroment/Materials/M_Concrete.uasset" 99
"../../../../../../Projects/Unreal Engine/Lutenium/Lutenium/Content/Art/Models/Eviroments/Flag/NM_Flag.uasset" 100
"../../../Engine/Content/Functions/Engine_MaterialFunctions01/WorldPositionOffset/SimpleGrassWind.uasset" 101
"../../../../../../Projects/Unreal Engine/Lutenium/Lutenium/Content/Art/Enviroment/Textures/T_Flag_1.uasset" 102
"../../../../../../Projects/Unreal Engine/Lutenium/Lutenium/Content/Art/Models/Eviroments/Flag/M_Flag.uasset" 103
"../../../../../../Projects/Unreal Engine/Lutenium/Lutenium/Content/Art/Enviroment/Materials/M_Flag.uasset" 104
"../../../../../../Projects/Unreal Engine/Lutenium/Lutenium/Content/Art/Enviroment/Textures/T_Flag_2.uasset" 105
"../../../../../../Projects/Unreal Engine/Lutenium/Lutenium/Content/Art/Enviroment/Textures/T_Noise-Forest.uasset" 106
"../../../../../../Projects/Unreal Engine/Lutenium/Lutenium/Content/Art/MaterialFunctions/MI_AffineWarp.uasset" 107
"../../../../../../Projects/Unreal Engine/Lutenium/Lutenium/Content/Art/MaterialFunctions/MI_CharacterVertexWobble.uasset" 108
"../../../../../../Projects/Unreal Engine/Lutenium/Lutenium/Content/Art/MaterialFunctions/MI_ConcreteWall.uasset" 109
"../../../../../../Projects/Unreal Engine/Lutenium/Lutenium/Content/Art/MaterialFunctions/MI_RetroGlassExample.uasset" 110
"../../../../../../Projects/Unreal Engine/Lutenium/Lutenium/Content/Art/MaterialFunctions/MI_RetroGlassExample2.uasset" 111
"../../../../../../Projects/Unreal Engine/Lutenium/Lutenium/Content/Art/MaterialFunctions/M_ExamplePosteriseMaterial.uasset" 112
"../../../../../../Projects/Unreal Engine/Lutenium/Lutenium/Content/Art/MaterialFunctions/T_ConcreteWall_D.uasset" 113
"../../../../../../Projects/Unreal Engine/Lutenium/Lutenium/Content/Art/MaterialFunctions/T_ConcreteWall_N.uasset" 114
"../../../../../../Projects/Unreal Engine/Lutenium/Lutenium/Content/Art/MaterialFunctions/T_Grass_D.uasset" 115
"../../../../../../Projects/Unreal Engine/Lutenium/Lutenium/Content/Art/MaterialFunctions/T_Grass_N.uasset" 116
"../../../Engine/Content/Functions/Engine_MaterialFunctions02/Texturing/ScreenAlignedPixelToPixelUVs.uasset" 117
"../../../Engine/Content/EngineMaterials/FlatNormal.uasset" 118
"../../../../../../Projects/Unreal Engine/Lutenium/Lutenium/Content/Art/MaterialFunctions/PSX/M_RetroMaterial.uasset" 119
"../../../../../../Projects/Unreal Engine/Lutenium/Lutenium/Content/Art/MaterialFunctions/PSX/M_UIMaterial.uasset" 120
"../../../../../../Projects/Unreal Engine/Lutenium/Lutenium/Content/Blueprints/PostEffects/MPC_RetroShaders.uasset" 121
"../../../../../../Projects/Unreal Engine/Lutenium/Lutenium/Content/Art/MaterialFunctions/PSX/Functions/MF_AffineTextureWarp.uasset" 122
"../../../Engine/Content/EngineResources/DefaultTexture.uasset" 123
"../../../../../../Projects/Unreal Engine/Lutenium/Lutenium/Content/Art/MaterialFunctions/PSX/Functions/MF_PosteriseTexture.uasset" 124
"../../../../../../Projects/Unreal Engine/Lutenium/Lutenium/Content/Art/MaterialFunctions/PSX/Functions/MF_VertexWobble.uasset" 125
"../../../../../../Projects/Unreal Engine/Lutenium/Lutenium/Content/Art/Models/Building/Bridge/T_Bridge_Potch.uasset" 126
"../../../../../../Projects/Unreal Engine/Lutenium/Lutenium/Content/Art/Models/Building/Bridge/M_Bridge_Porch.uasset" 127
"../../../../../../Projects/Unreal Engine/Lutenium/Lutenium/Content/Art/MergedACtors/Merged_Bridges.uasset" 128
"../../../../../../Projects/Unreal Engine/Lutenium/Lutenium/Content/Art/Models/Eviroments/TransmitionTower/T_TransmitionTower3.uasset" 129
"../../../../../../Projects/Unreal Engine/Lutenium/Lutenium/Content/Art/Models/Eviroments/TransmitionTower/M_TransmitionTower_3.uasset" 130
"../../../../../../Projects/Unreal Engine/Lutenium/Lutenium/Content/Art/Models/Eviroments/TransmitionTower/T_TransmitionTower2.uasset" 131
"../../../../../../Projects/Unreal Engine/Lutenium/Lutenium/Content/Art/Models/Eviroments/TransmitionTower/M_TransmitionTower_2.uasset" 132
"../../../../../../Projects/Unreal Engine/Lutenium/Lutenium/Content/Art/Models/Eviroments/TransmitionTower/T_TransmitionTower.uasset" 133
"../../../../../../Projects/Unreal Engine/Lutenium/Lutenium/Content/Art/Models/Eviroments/TransmitionTower/M_TransmitionTower.uasset" 134
"../../../../../../Projects/Unreal Engine/Lutenium/Lutenium/Content/Art/Models/Eviroments/TransmitionTower/T_RoofTransmitionTower2.uasset" 135
"../../../../../../Projects/Unreal Engine/Lutenium/Lutenium/Content/Art/Models/Eviroments/TransmitionTower/M_RoofTransmitionTower_2.uasset" 136
"../../../../../../Projects/Unreal Engine/Lutenium/Lutenium/Content/Art/Models/Eviroments/TransmitionTower/T_RoofTransmitionTower.uasset" 137
"../../../../../../Projects/Unreal Engine/Lutenium/Lutenium/Content/Art/Models/Eviroments/TransmitionTower/M_RoofTransmitionTower.uasset" 138
"../../../../../../Projects/Unreal Engine/Lutenium/Lutenium/Content/Art/MergedACtors/SM_MERGED_BP_PowerlineSystem_3.uasset" 139
"../../../../../../Projects/Unreal Engine/Lutenium/Lutenium/Content/Art/MergedACtors/SM_MERGED_BP_RoofPowerlineSystem_5.uasset" 140
"../../../../../../Projects/Unreal Engine/Lutenium/Lutenium/Content/Art/Models/Building/Block/T_M_Block_M_Block_415DB58C49E051937AF55FBABF0C2562_BaseColor.uasset" 141
"../../../Engine/Content/EngineMaterials/BaseFlattenNormalMap.uasset" 142
"../../../Engine/Content/EngineMaterials/BaseFlattenGrayscaleMap.uasset" 143
"../../../Engine/Content/EngineMaterials/BaseFlattenEmissiveMap.uasset" 144
"../../../Engine/Content/EngineMaterials/BaseFlattenDiffuseMap.uasset" 145
"../../../Engine/Content/EngineMaterials/NewBaseFlattenMaterial.uasset" 146
"../../../../../../Projects/Unreal Engine/Lutenium/Lutenium/Content/Art/Models/Building/Block/M_M_Block_M_Block_415DB58C49E051937AF55FBABF0C2562.uasset" 147
"../../../../../../Projects/Unreal Engine/Lutenium/Lutenium/Content/Art/Models/Building/Block/block_texture.uasset" 148
"../../../../../../Projects/Unreal Engine/Lutenium/Lutenium/Content/Art/Models/Building/Block/M_Block.uasset" 149
"../../../../../../Projects/Unreal Engine/Lutenium/Lutenium/Content/Art/Models/Building/Block/M_Block_Inst.uasset" 150
"../../../../../../Projects/Unreal Engine/Lutenium/Lutenium/Content/Art/Models/Building/Dryer/dryer_texture.uasset" 151
"../../../../../../Projects/Unreal Engine/Lutenium/Lutenium/Content/Art/Models/Building/Dryer/M_Dryer.uasset" 152
"../../../../../../Projects/Unreal Engine/Lutenium/Lutenium/Content/Art/Models/Building/Block/foundation_block_texture.uasset" 153
"../../../../../../Projects/Unreal Engine/Lutenium/Lutenium/Content/Art/Models/Building/Block/M_Foundation_Block.uasset" 154
"../../../../../../Projects/Unreal Engine/Lutenium/Lutenium/Content/Art/Models/Building/Block/Block_Roof_Texture.uasset" 155
"../../../../../../Projects/Unreal Engine/Lutenium/Lutenium/Content/Art/Models/Building/Block/M_Block_Roof.uasset" 156
"../../../../../../Projects/Unreal Engine/Lutenium/Lutenium/Content/Art/Models/Building/Block/balcony_texture.uasset" 157
"../../../../../../Projects/Unreal Engine/Lutenium/Lutenium/Content/Art/Models/Building/Block/M_Balcony_Block.uasset" 158
"../../../../../../Projects/Unreal Engine/Lutenium/Lutenium/Content/Art/MergedACtors/SM_MERGED_Building_BP4.uasset" 159
"../../../../../../Projects/Unreal Engine/Lutenium/Lutenium/Content/Art/MergedACtors/SM_MERGED_Building_BP5.uasset" 160
"../../../../../../Projects/Unreal Engine/Lutenium/Lutenium/Content/Art/Models/airplane/airplaneBones_PhysicsAsset.uasset" 161
"../../../../../../Projects/Unreal Engine/Lutenium/Lutenium/Content/Art/Models/airplane/Material_001.uasset" 162
"../../../../../../Projects/Unreal Engine/Lutenium/Lutenium/Content/Art/Models/airplane/airplaneBones.uasset" 163
"../../../Engine/Content/Functions/Engine_MaterialFunctions02/Utility/VectorLength.uasset" 164
"../../../Engine/Content/Functions/Engine_MaterialFunctions02/WorldPositionOffset/ObjectScale.uasset" 165
"../../../../../../Projects/Unreal Engine/Lutenium/Lutenium/Content/Art/Models/Building/Block/M_BlockCube.uasset" 166
"../../../../../../Projects/Unreal Engine/Lutenium/Lutenium/Content/Art/Models/Building/Block/T_M_Block_Balcony_M_Balcony_Block_293B17FB419D505448B710A1D99502C5_BaseColor.uasset" 167
"../../../../../../Projects/Unreal Engine/Lutenium/Lutenium/Content/Art/Models/Building/Block/M_M_Block_Balcony_M_Balcony_Block_293B17FB419D505448B710A1D99502C5.uasset" 168
"../../../../../../Projects/Unreal Engine/Lutenium/Lutenium/Content/Art/Models/Eviroments/FootballCourt/footbal_court_fence_texture.uasset" 169
"../../../../../../Projects/Unreal Engine/Lutenium/Lutenium/Content/Art/Models/Eviroments/FootballCourt/M_Footbal_Fence.uasset" 170
"../../../../../../Projects/Unreal Engine/Lutenium/Lutenium/Content/Art/Models/Eviroments/FootballCourt/FootbalCourt.uasset" 171
"../../../../../../Projects/Unreal Engine/Lutenium/Lutenium/Content/Art/Models/Building/Enviroment/FootballCourt/FootbalCourt.uasset" 172
"../../../../../../Projects/Unreal Engine/Lutenium/Lutenium/Content/Art/Models/Eviroments/FootballCourt/Football_Gates_Texture.uasset" 173
"../../../../../../Projects/Unreal Engine/Lutenium/Lutenium/Content/Art/Models/Eviroments/FootballCourt/M_Football_Gates.uasset" 174
"../../../../../../Projects/Unreal Engine/Lutenium/Lutenium/Content/Art/Models/Eviroments/FootballCourt/FootballGates.uasset" 175
"../../../../../../Projects/Unreal Engine/Lutenium/Lutenium/Content/Art/Models/Building/Enviroment/FootballCourt/FootballGates.uasset" 176
"../../../../../../Projects/Unreal Engine/Lutenium/Lutenium/Content/Art/Models/Building/Enviroment/FootballCourt/Football_Gates_Texture.uasset" 177
"../../../../../../Projects/Unreal Engine/Lutenium/Lutenium/Content/Art/Models/Building/Enviroment/FootballCourt/footbal_court_fence_texture.uasset" 178
"../../../../../../Projects/Unreal Engine/Lutenium/Lutenium/Content/Art/Models/Building/Enviroment/FootballCourt/footbal_court_texture.uasset" 179
"../../../../../../Projects/Unreal Engine/Lutenium/Lutenium/Content/Art/Models/Building/Enviroment/FootballCourt/M_Court.uasset" 180
"../../../../../../Projects/Unreal Engine/Lutenium/Lutenium/Content/Art/Models/Building/Enviroment/FootballCourt/M_Football_Gates.uasset" 181
"../../../../../../Projects/Unreal Engine/Lutenium/Lutenium/Content/Art/Models/Building/Enviroment/FootballCourt/M_Footbal_Fence.uasset" 182
"../../../../../../Projects/Unreal Engine/Lutenium/Lutenium/Content/Art/Models/Eviroments/Stalls/Stall_Sign_Texture.uasset" 183
"../../../../../../Projects/Unreal Engine/Lutenium/Lutenium/Content/Art/Models/Eviroments/Stalls/M_Sign.uasset" 184
"../../../../../../Projects/Unreal Engine/Lutenium/Lutenium/Content/Art/Models/Building/Enviroment/Stalls/M_Sign.uasset" 185
"../../../../../../Projects/Unreal Engine/Lutenium/Lutenium/Content/Art/Models/Eviroments/Stalls/Stall_1_Texture.uasset" 186
"../../../../../../Projects/Unreal Engine/Lutenium/Lutenium/Content/Art/Models/Eviroments/Stalls/M_Stall_1.uasset" 187
"../../../../../../Projects/Unreal Engine/Lutenium/Lutenium/Content/Art/Models/Building/Enviroment/Stalls/M_Stall_1.uasset" 188
"../../../../../../Projects/Unreal Engine/Lutenium/Lutenium/Content/Art/Models/Eviroments/Stalls/Stall_1.uasset" 189
"../../../../../../Projects/Unreal Engine/Lutenium/Lutenium/Content/Art/Models/Building/Enviroment/Stalls/Stall_1.uasset" 190
"../../../../../../Projects/Unreal Engine/Lutenium/Lutenium/Content/Art/Models/Building/Enviroment/Stalls/Stall_1_Texture.uasset" 191
"../../../../../../Projects/Unreal Engine/Lutenium/Lutenium/Content/Art/Models/Building/Enviroment/Stalls/Stall_Sign_Texture.uasset" 192
"../../../../../../Projects/Unreal Engine/Lutenium/Lutenium/Content/Art/Models/Building/Factory/factory_beam1.uasset" 193
"../../../../../../Projects/Unreal Engine/Lutenium/Lutenium/Content/Art/Models/Building/Factory/M_Factory_beam.uasset" 194
"../../../../../../Projects/Unreal Engine/Lutenium/Lutenium/Content/Art/Models/Building/Factory/factory_beam.uasset" 195
"../../../../../../Projects/Unreal Engine/Lutenium/Lutenium/Content/Art/Models/Eviroments/LightLamp/M_Lamp_Light_Inst.uasset" 196
"../../../../../../Projects/Unreal Engine/Lutenium/Lutenium/Content/Art/Models/Eviroments/LightLamp/T_LightLamp.uasset" 197
"../../../../../../Projects/Unreal Engine/Lutenium/Lutenium/Content/Art/Models/Eviroments/LightLamp/M_LightLamp.uasset" 198
"../../../../../../Projects/Unreal Engine/Lutenium/Lutenium/Content/Art/Models/Eviroments/LightLamp/LightLamp.uasset" 199
"../../../../../../Projects/Unreal Engine/Lutenium/Lutenium/Content/Art/Models/Eviroments/Roof_Texts/M_Text_Enemy_Defeat_Support.uasset" 200
"../../../../../../Projects/Unreal Engine/Lutenium/Lutenium/Content/Art/Models/Monster/monster_Skeleton.uasset" 201
"../../../../../../Projects/Unreal Engine/Lutenium/Lutenium/Content/Art/Models/Monster/monster_PhysicsAsset.uasset" 202
"../../../../../../Projects/Unreal Engine/Lutenium/Lutenium/Content/Art/Models/Monster/monster.uasset" 203
"../../../../../../Projects/Unreal Engine/Lutenium/Lutenium/Content/Art/Models/Monster/monster_CtrlRig/monster_CtrlRig.uasset" 204
"../../../../../../Projects/Unreal Engine/Lutenium/Lutenium/Content/Art/Models/Monster/Scream.uasset" 205
"../../../../../../Projects/Unreal Engine/Lutenium/Lutenium/Content/Blueprints/Monster/Weapons/BP_Scream.uasset" 206
"../../../../../../Projects/Unreal Engine/Lutenium/Lutenium/Content/Art/Models/Monster/v2/SM_Siren_Test.uasset" 207
"../../../../../../Projects/Unreal Engine/Lutenium/Lutenium/Content/Blueprints/Monster/Weapons/BP_Siren.uasset" 208
"../../../Engine/Content/BasicShapes/Sphere.uasset" 209
"../../../Engine/Content/EngineDebugMaterials/WireframeMaterial.uasset" 210
"../../../../../../Projects/Unreal Engine/Lutenium/Lutenium/Content/Art/Models/airplane/Test/SM_Airplane_Test_Cube.uasset" 211
"../../../../../../Projects/Unreal Engine/Lutenium/Lutenium/Content/Blueprints/Player/BP_Player.uasset" 212
"../../../Engine/Content/EditorBlueprintResources/StandardMacros.uasset" 213
"../../../../../../Projects/Unreal Engine/Lutenium/Lutenium/Content/Blueprints/Monster/Weapons/BP_PowerProjectile.uasset" 214
"../../Plugins/FX/Niagara/Content/Enums/ENiagaraSphereDistributionMode.uasset" 215
"../../Plugins/FX/Niagara/Content/Functions/RandomUnitVector.uasset" 216
"../../Plugins/FX/Niagara/Content/Functions/RandomVector.uasset" 217
"../../Plugins/FX/Niagara/Content/Modules/Update/Position/JitterPosition.uasset" 218
"../../Plugins/FX/Niagara/Content/Functions/V2/CalculateRandomRange.uasset" 219
"../../Plugins/FX/Niagara/Content/Functions/V2/CalculateRandomPointInSphere.uasset" 220
"../../Plugins/FX/Niagara/Content/Functions/SphericalToCartesianCoordinates.uasset" 221
"../../Plugins/FX/Niagara/Content/Modules/Spawn/Location/V2/SphereLocation.uasset" 222
"../../Plugins/FX/Niagara/Content/Modules/Beams/ScaleBeamWidth.uasset" 223
"../../Plugins/FX/Niagara/Content/DynamicInputs/UniformRange/V2/RandomRangeFloat.uasset" 224
"../../Plugins/FX/Niagara/Content/Functions/V2/CalculateRandomUnitVector.uasset" 225
"../../Plugins/FX/Niagara/Content/DynamicInputs/Random/V2/RandomVector.uasset" 226
"../../Plugins/FX/Niagara/Content/DefaultAssets/DefaultRIbbonMaterial.uasset" 227
"../../../../../../Projects/Unreal Engine/Lutenium/Lutenium/Content/Art/VFX/Monster/TowerFence/NE_Monster_Beam.uasset" 228
"../../../../../../Projects/Unreal Engine/Lutenium/Lutenium/Content/Art/VFX/Monster/TowerFence/NS_Monster_Beam_Player_Near.uasset" 229
"../../../../../../Projects/Unreal Engine/Lutenium/Lutenium/Content/Art/VFX/Monster/TowerFence/NS_Monster_Beam.uasset" 230
"../../../../../../Projects/Unreal Engine/Lutenium/Lutenium/Content/Art/Models/Eviroments/TransmitionTower/TransmitionTower_2.uasset" 231
"../../../../../../Projects/Unreal Engine/Lutenium/Lutenium/Content/Blueprints/Monster/Weapons/BP_TowerFence.uasset" 232
"../../../../../../Projects/Unreal Engine/Lutenium/Lutenium/Content/Blueprints/Monster/Weapons/BP_PowerSystem.uasset" 233
"../../../../../../Projects/Unreal Engine/Lutenium/Lutenium/Content/Art/VFX/Materials/M_Trafic_Light_Yellow_Inst.uasset" 234
"../../../../../../Projects/Unreal Engine/Lutenium/Lutenium/Content/Art/Models/Monster/v2/SM_Smoke_Test.uasset" 235
"../../../../../../Projects/Unreal Engine/Lutenium/Lutenium/Content/Blueprints/Monster/Weapons/BP_Smoke_Test.uasset" 236
"../../../../../../Projects/Unreal Engine/Lutenium/Lutenium/Content/Art/Models/Building/Factory/big_cylinder_factory.uasset" 237
"../../../../../../Projects/Unreal Engine/Lutenium/Lutenium/Content/Art/Models/Building/Factory/M_big_cyclinder_factory.uasset" 238
"../../../../../../Projects/Unreal Engine/Lutenium/Lutenium/Content/Art/Models/Building/Factory/big_factory_cylinder.uasset" 239
"../../../../../../Projects/Unreal Engine/Lutenium/Lutenium/Content/Blueprints/Monster/Weapons/BP_Pipe.uasset" 240
"../../../../../../Projects/Unreal Engine/Lutenium/Lutenium/Content/Art/VFX/Materials/M_Trafic_Light_Green_Inst.uasset" 241
"../../../../../../Projects/Unreal Engine/Lutenium/Lutenium/Content/Art/Models/Monster/v2/SM_Fan_Test_Main_Support.uasset" 242
"../../../../../../Projects/Unreal Engine/Lutenium/Lutenium/Content/Art/Models/Monster/v2/SM_Fan_Test_Cylinder.uasset" 243
"../../../../../../Projects/Unreal Engine/Lutenium/Lutenium/Content/Blueprints/Monster/Weapons/BP_Fan.uasset" 244
"../../../../../../Projects/Unreal Engine/Lutenium/Lutenium/Content/Blueprints/Monster/BP_AI_MonsterController.uasset" 245
"../../../../../../Projects/Unreal Engine/Lutenium/Lutenium/Content/Blueprints/Monster/Tasks/BT_T_TrafficLight_ChangeColour.uasset" 246
"../../../../../../Projects/Unreal Engine/Lutenium/Lutenium/Content/Blueprints/Monster/Tasks/BT_T_DeactivateBeamDefense.uasset" 247
"../../../../../../Projects/Unreal Engine/Lutenium/Lutenium/Content/Blueprints/Monster/Tasks/BT_T_ActivateBeamDefense.uasset" 248
"../../../../../../Projects/Unreal Engine/Lutenium/Lutenium/Content/Blueprints/Monster/Tasks/BT_S_TrafficLight_Rotate.uasset" 249
"../../../../../../Projects/Unreal Engine/Lutenium/Lutenium/Content/Blueprints/Monster/BB_MonsterBlackboard.uasset" 250
"../../../../../../Projects/Unreal Engine/Lutenium/Lutenium/Content/Blueprints/Monster/BT_MonsterBehaviour.uasset" 251
"../../../../../../Projects/Unreal Engine/Lutenium/Lutenium/Content/Art/Models/Monster/v3/SKM_Monster_v3_Skeleton.uasset" 252
"../../../../../../Projects/Unreal Engine/Lutenium/Lutenium/Content/Blueprints/Monster/ABP_Monster.uasset" 253
"../../../../../../Projects/Unreal Engine/Lutenium/Lutenium/Content/Art/Models/Monster/v3/SKM_Monster_v3_PhysicsAsset.uasset" 254
"../../../../../../Projects/Unreal Engine/Lutenium/Lutenium/Content/Art/Models/Monster/v3/T_Monster_V3.uasset" 255
"../../../../../../Projects/Unreal Engine/Lutenium/Lutenium/Content/Art/Models/Monster/v3/M_Monstetr_Eye.uasset" 256
"../../../../../../Projects/Unreal Engine/Lutenium/Lutenium/Content/Art/Models/Monster/v3/M_Monster_Legs.uasset" 257
"../../../../../../Projects/Unreal Engine/Lutenium/Lutenium/Content/Art/Models/Monster/v3/M_Monster_Body.uasset" 258
"../../../../../../Projects/Unreal Engine/Lutenium/Lutenium/Content/Art/Models/Monster/v3/SKM_Monster_v3.uasset" 259
"../../../../../../Projects/Unreal Engine/Lutenium/Lutenium/Content/Blueprints/Monster/BP_Monseter.uasset" 260
"../../../../../../Projects/Unreal Engine/Lutenium/Lutenium/Content/Art/Models/Monster/monster_Skeleton_AnimBlueprint.uasset" 261
"../../../../../../Projects/Unreal Engine/Lutenium/Lutenium/Content/Art/Models/Monster/v2/SM_Emp_Test.uasset" 262
"../../../../../../Projects/Unreal Engine/Lutenium/Lutenium/Content/Art/Models/Eviroments/Container/Container_2_Texture.uasset" 263
"../../../../../../Projects/Unreal Engine/Lutenium/Lutenium/Content/Art/Models/Eviroments/Container/M_Container_2.uasset" 264
"../../../../../../Projects/Unreal Engine/Lutenium/Lutenium/Content/Art/Models/Eviroments/Container/MI_Container_2.uasset" 265
"../../../../../../Projects/Unreal Engine/Lutenium/Lutenium/Content/Art/Models/Monster/v2/SM_Sputnik_Test.uasset" 266
"../../../../../../Projects/Unreal Engine/Lutenium/Lutenium/Content/Art/PostProcessing/PS1/PostProcess/PPI_RetroLook.uasset" 267
"../../../../../../Projects/Unreal Engine/Lutenium/Lutenium/Content/Art/VFX/PS_Trail_2.uasset" 268
"../../../../../../Projects/Unreal Engine/Lutenium/Lutenium/Content/Art/VFX/PS_Trail.uasset" 269
"../../../../../../Projects/Unreal Engine/Lutenium/Lutenium/Content/Art/VFX/p_trail.uasset" 270
"../../../../../../Projects/Unreal Engine/Lutenium/Lutenium/Content/Art/MergedACtors/th.uasset" 271
"../../../../../../Projects/Unreal Engine/Lutenium/Lutenium/Content/Art/Models/airplane/Test/SM_Airplane_Test_wing_b_l.uasset" 272
"../../../../../../Projects/Unreal Engine/Lutenium/Lutenium/Content/Art/Models/airplane/Test/SM_Airplane_Test_wing_b_r.uasset" 273
"../../../../../../Projects/Unreal Engine/Lutenium/Lutenium/Content/Art/Models/airplane/Test/SM_Airplane_Test_wing_f_l.uasset" 274
"../../../../../../Projects/Unreal Engine/Lutenium/Lutenium/Content/Art/Models/airplane/Test/SM_Airplane_Test_wing_f_r.uasset" 275
"../../../../../../Projects/Unreal Engine/Lutenium/Lutenium/Content/Art/Models/airplane/Test/SM_Airplane_Test_wing_m_l.uasset" 276
"../../../../../../Projects/Unreal Engine/Lutenium/Lutenium/Content/Art/Models/airplane/Test/SM_Airplane_Test_wing_m_r.uasset" 277
"../../../../../../Projects/Unreal Engine/Lutenium/Lutenium/Content/Art/Models/airplane/Test/SM_Airplane_Test_wing_top_b_l.uasset" 278
"../../../../../../Projects/Unreal Engine/Lutenium/Lutenium/Content/Art/Models/airplane/Test/SM_Airplane_Test_wing_top_b_r.uasset" 279
"../../../../../../Projects/Unreal Engine/Lutenium/Lutenium/Content/Art/Models/Monster/v2/SM_Monster_V2_Skeleton.uasset" 280
"../../../../../../Projects/Unreal Engine/Lutenium/Lutenium/Content/Art/Models/Monster/v2/ABP_SM_Monster_V2.uasset" 281
"../../../../../../Projects/Unreal Engine/Lutenium/Lutenium/Content/Art/VFX/Images/VFX_Default_Texture.uasset" 282
"../../../../../../Projects/Unreal Engine/Lutenium/Lutenium/Content/Art/VFX/Materials/M_Trafic_Blue_Inst.uasset" 283
"../../../../../../Projects/Unreal Engine/Lutenium/Lutenium/Content/Art/VFX/Monster/M_Scream_FirstWave_Inst.uasset" 284
"../../../../../../Projects/Unreal Engine/Lutenium/Lutenium/Content/Art/VFX/Monster/M_Scream_SecondWave_Inst.uasset" 285
"../../../../../../Projects/Unreal Engine/Lutenium/Lutenium/Content/Blueprints/BP_Monseter.uasset" 286
"../../../../../../Projects/Unreal Engine/Lutenium/Lutenium/Content/Art/Models/Eviroments/Container/Container_Texture.uasset" 287
"../../../../../../Projects/Unreal Engine/Lutenium/Lutenium/Content/Art/Models/Eviroments/Container/M_Container_1.uasset" 288
"../../../../../../Projects/Unreal Engine/Lutenium/Lutenium/Content/Art/Models/Eviroments/Container/MI_Container_1.uasset" 289
"../../../../../../Projects/Unreal Engine/Lutenium/Lutenium/Content/Art/Models/Eviroments/Container/Container_2.uasset" 290
"../../../../../../Projects/Unreal Engine/Lutenium/Lutenium/Content/Art/Models/Eviroments/Container/Container_1.uasset" 291
"../../../../../../Projects/Unreal Engine/Lutenium/Lutenium/Content/Blueprints/Enviroment/Container/BP_Container.uasset" 292
"../../../../../../Projects/Unreal Engine/Lutenium/Lutenium/Content/Blueprints/Enviroment/PowerLine/BI_AnimCable.uasset" 293
"../../../../../../Projects/Unreal Engine/Lutenium/Lutenium/Content/Blueprints/Enviroment/PowerLine/S_CableOverrideSettings.uasset" 294
"../../../../../../Projects/Unreal Engine/Lutenium/Lutenium/Content/Blueprints/Enviroment/PowerLine/S_CableInfo.uasset" 295
"../../../../../../Projects/Unreal Engine/Lutenium/Lutenium/Content/Art/Models/Eviroments/TransmitionTower/TransmitionTower_3.uasset" 296
"../../../../../../Projects/Unreal Engine/Lutenium/Lutenium/Content/Art/Models/Eviroments/TransmitionTower/TransmitionTower.uasset" 297
"../../../../../../Projects/Unreal Engine/Lutenium/Lutenium/Content/Blueprints/Enviroment/PowerLine/BP_PowerlineSystem.uasset" 298
"../../../../../../Projects/Unreal Engine/Lutenium/Lutenium/Content/Blueprints/PostEffects/T_RetroBillboard.uasset" 299
"../../../../../../Projects/Unreal Engine/Lutenium/Lutenium/Content/DeadHillsLandscape/Materials/Clouds/M_Clouds.uasset" 300
"../../../../../../Projects/Unreal Engine/Lutenium/Lutenium/Content/DeadHillsLandscape/Materials/Clouds/MI_Clouds.uasset" 301
"../../../Engine/Content/Functions/Engine_MaterialFunctions01/ImageAdjustment/DeriveHDRfromLDR.uasset" 302
"../../../../../../Projects/Unreal Engine/Lutenium/Lutenium/Content/DeadHillsLandscape/Materials/Sky/M_Sky.uasset" 303
"../../../../../../Projects/Unreal Engine/Lutenium/Lutenium/Content/DeadHillsLandscape/Materials/Sky/MI_Sky.uasset" 304
"../../../../../../Projects/Unreal Engine/Lutenium/Lutenium/Content/Flying/Meshes/airplane4.uasset" 305
"../../../../../../Projects/Unreal Engine/Lutenium/Lutenium/Content/Flying/Meshes/BaseMaterial.uasset" 306
"../../../../../../Projects/Unreal Engine/Lutenium/Lutenium/Content/Flying/Meshes/UFOMaterial.uasset" 307
"../../../../../../Projects/Unreal Engine/Lutenium/Lutenium/Content/Flying/Meshes/UFO.uasset" 308
"../../../../../../Projects/Unreal Engine/Lutenium/Lutenium/Content/Flying/Meshes/airplane/airplaneBones.uasset" 309
"../../../../../../Projects/Unreal Engine/Lutenium/Lutenium/Content/Flying/Meshes/airplane/airplaneBones_PhysicsAsset.uasset" 310
"../../../../../../Projects/Unreal Engine/Lutenium/Lutenium/Content/Flying/Meshes/airplane/airplaneBones_Skeleton.uasset" 311
"../../../../../../Projects/Unreal Engine/Lutenium/Lutenium/Content/Flying/Meshes/airplane/Material_001.uasset" 312
"../../../../../../Projects/Unreal Engine/Lutenium/Lutenium/Content/Art/VFX/Monster/NE_Monster_Beam.uasset" 313
"../../../../../../Projects/Unreal Engine/Lutenium/Lutenium/Content/Art/VFX/Monster/NS_Monster_Beam.uasset" 314
"../../../../../../Projects/Unreal Engine/Lutenium/Lutenium/Content/Blueprints/BP_Player.uasset" 315
"../../../../../../Projects/Unreal Engine/Lutenium/Lutenium/Content/Blueprints/Missile/FC_Missile.uasset" 316
"../../../../../../Projects/Unreal Engine/Lutenium/Lutenium/Content/Blueprints/Monster/FC_LegStep.uasset" 317
"../../../../../../Projects/Unreal Engine/Lutenium/Lutenium/Content/Blueprints/Monster/Tasks/BT_D_HasWeapon.uasset" 318
"../../../../../../Projects/Unreal Engine/Lutenium/Lutenium/Content/Blueprints/Monster/Tasks/BT_T_FindNextRandomPoint.uasset" 319
"../../../../../../Projects/Unreal Engine/Lutenium/Lutenium/Content/Blueprints/Monster/Tasks/BT_T_PowerSystem_Shoot.uasset" 320
"../../../../../../Projects/Unreal Engine/Lutenium/Lutenium/Content/Blueprints/Monster/Tasks/BT_T_Weapon_Attack.uasset" 321
"../../../../../../Projects/Unreal Engine/Lutenium/Lutenium/Content/Blueprints/Monster/Tasks/BT_T_Siren.uasset" 322
"../../../../../../Projects/Unreal Engine/Lutenium/Lutenium/Content/Blueprints/Monster/Tasks/BT_T_Sputnik_Emp.uasset" 323
"../../../Engine/Content/ArtTools/RenderToTexture/Meshes/S_1_Unit_Plane.uasset" 324
"../../../Engine/Content/BasicShapes/Plane.uasset" 325
"../../../Engine/Content/EditorLandscapeResources/DataLayer.uasset" 326
"../../../Engine/Content/EditorLandscapeResources/DefaultAlphaTexture.uasset" 327
"../../../Engine/Content/EditorMaterials/MAT_Groups_Toggle.uasset" 328
"../../../Engine/Content/EditorMaterials/MAT_Groups_Visibility.uasset" 329
"../../../Engine/Content/EditorMaterials/PreviewShadowIndicator.uasset" 330
"../../../Engine/Content/EditorMaterials/PreviewShadowIndicatorMaterial.uasset" 331
"../../../Engine/Content/EditorMaterials/MatineeGroups/MAT_ColorTrack.uasset" 332
"../../../Engine/Content/EditorMaterials/MatineeGroups/MAT_Groups_Anim.uasset" 333
"../../../Engine/Content/EditorMaterials/MatineeGroups/MAT_Groups_AudioMaster.uasset" 334
"../../../Engine/Content/EditorMaterials/MatineeGroups/MAT_Groups_Director.uasset" 335
"../../../Engine/Content/EditorMaterials/MatineeGroups/MAT_Groups_Event.uasset" 336
"../../../Engine/Content/EditorMaterials/MatineeGroups/MAT_Groups_Fade.uasset" 337
"../../../Engine/Content/EditorMaterials/MatineeGroups/MAT_Groups_Float.uasset" 338
"../../../Engine/Content/EditorMaterials/MatineeGroups/MAT_Groups_Move.uasset" 339
"../../../Engine/Content/EditorMaterials/MatineeGroups/MAT_Groups_Slomo.uasset" 340
"../../../Engine/Content/EditorMaterials/MatineeGroups/MAT_Groups_Sound.uasset" 341
"../../../Engine/Content/EditorMaterials/MatineeGroups/MAT_Groups_Vector.uasset" 342
"../../../Engine/Content/EditorMaterials/ParticleSystems/PSysThumbnail_NoImage.uasset" 343
"../../../Engine/Content/EditorMaterials/ParticleSystems/PSysThumbnail_OOD.uasset" 344
"../../../Engine/Content/EditorMaterials/Camera/CineMat.uasset" 345
"../../../Engine/Content/EditorMaterials/Camera/MI_CineMat_Rig.uasset" 346
"../../../Engine/Content/EditorMeshes/Camera/SM_CraneRig_Arm.uasset" 347
"../../../Engine/Content/EditorMeshes/Camera/SM_CraneRig_Base.uasset" 348
"../../../Engine/Content/EditorMeshes/Camera/SM_CraneRig_Body.uasset" 349
"../../../Engine/Content/EditorMeshes/Camera/SM_CraneRig_Mount.uasset" 350
"../../../Engine/Content/EditorMeshes/Camera/SM_RailRig_Mount.uasset" 351
"../../../Engine/Content/EditorMeshes/Camera/SM_RailRig_Track.uasset" 352
"../../../Engine/Content/EditorResources/BSPVertex.uasset" 353
"../../../Engine/Content/EditorResources/EmptyActor.uasset" 354
"../../../Engine/Content/EditorResources/S_Actor.uasset" 355
"../../../Engine/Content/EditorResources/S_Note.uasset" 356
"../../../Engine/Content/EditorResources/S_Solver.uasset" 357
"../../../Engine/Content/EditorResources/S_Terrain.uasset" 358
"../../../Engine/Content/EditorResources/S_Trigger.uasset" 359
"../../../Engine/Content/EditorResources/LightIcons/S_LightError.uasset" 360
"../../../Engine/Content/EditorResources/SequenceRecorder/Countdown.uasset" 361
"../../../Engine/Content/EditorResources/SequenceRecorder/RecordingIndicator.uasset" 362
"../../../Engine/Content/EngineDamageTypes/DmgTypeBP_Environmental.uasset" 363
"../../../Engine/Content/EngineDebugMaterials/DebugEditorMaterial.uasset" 364
"../../../Engine/Content/EngineDebugMaterials/DebugMeshMaterial.uasset" 365
"../../../Engine/Content/EngineDebugMaterials/M_SimpleUnlitTranslucent.uasset" 366
"../../../Engine/Content/EngineDebugMaterials/VolumeToRender.uasset" 367
"../../../Engine/Content/Functions/Engine_MaterialFunctions02/Utility/CameraDirectionVector.uasset" 368
"../../../Engine/Content/EngineDebugMaterials/M_VolumeRenderSphereTracePP.uasset" 369
"../../../Engine/Content/Functions/Engine_MaterialFunctions01/Shading/ConvertFromDiffSpec.uasset" 370
"../../../Engine/Content/EngineDebugMaterials/VertexColorMaterial.uasset" 371
"../../../Engine/Content/EngineFonts/Faces/RobotoRegular.uasset" 372
"../../../Engine/Content/EngineFonts/Faces/RobotoLight.uasset" 373
"../../../Engine/Content/EngineFonts/Faces/RobotoItalic.uasset" 374
"../../../Engine/Content/EngineFonts/Faces/RobotoBoldItalic.uasset" 375
"../../../Engine/Content/EngineFonts/Faces/RobotoBold.uasset" 376
"../../../Engine/Content/EngineFonts/Faces/DroidSansFallback.uasset" 377
"../../../Engine/Content/EngineFonts/Roboto.uasset" 378
"../../../Engine/Content/EngineMaterials/BaseFlattenMaterial.uasset" 379
"../../../Engine/Content/EngineMaterials/BlueNoise.uasset" 380
"../../../Engine/Content/EngineMaterials/DefaultBloomKernel.uasset" 381
"../../../Engine/Content/EngineMaterials/DefaultBokeh.uasset" 382
"../../../Engine/Content/EngineMaterials/DefaultDiffuse.uasset" 383
"../../../Engine/Content/EngineMaterials/DefaultDeferredDecalMaterial.uasset" 384
"../../../Engine/Content/EngineMaterials/DefaultLightFunctionMaterial.uasset" 385
"../../../Engine/Content/Functions/Engine_MaterialFunctions02/Utility/BreakOutFloat2Components.uasset" 386
"../../../Engine/Content/EngineMaterials/DefaultPostProcessMaterial.uasset" 387
"../../../Engine/Content/EngineFonts/RobotoDistanceField.uasset" 388
"../../../Engine/Content/EngineMaterials/DefaultTextMaterialOpaque.uasset" 389
"../../../Engine/Content/EngineMaterials/DefaultWhiteGrid.uasset" 390
"../../../Engine/Content/EngineMaterials/DefaultWhiteGrid_Low.uasset" 391
"../../../Engine/Content/EngineMaterials/EmissiveMeshMaterial.uasset" 392
"../../../Engine/Content/EngineMaterials/GizmoMaterial.uasset" 393
"../../../Engine/Content/EngineMaterials/Good64x64TilingNoiseHighFreq.uasset" 394
"../../../Engine/Content/EngineMaterials/MiniFont.uasset" 395
"../../../Engine/Content/EngineMaterials/InvalidLightmapSettings.uasset" 396
"../../../Engine/Content/EngineMaterials/M_InvalidLightmapSettings.uasset" 397
"../../../Engine/Content/Functions/Engine_MaterialFunctions02/WorldPositionOffset/CameraOffset.uasset" 398
"../../../Engine/Content/EngineMaterials/PhAT_JointLimitMaterial.uasset" 399
"../../../Engine/Content/EngineMaterials/PreintegratedSkinBRDF.uasset" 400
"../../../Engine/Content/EngineMaterials/RemoveSurfaceMaterial.uasset" 401
"../../../Engine/Content/EngineMaterials/WeightMapPlaceholderTexture.uasset" 402
"../../../Engine/Content/EngineResources/WhiteSquareTexture.uasset" 403
"../../../Engine/Content/EngineMaterials/Widget3DPassThrough.uasset" 404
"../../../Engine/Content/EngineMaterials/Widget3DPassThrough_Masked.uasset" 405
"../../../Engine/Content/EngineMaterials/Widget3DPassThrough_Opaque.uasset" 406
"../../../Engine/Content/EngineMaterials/Widget3DPassThrough_Masked_OneSided.uasset" 407
"../../../Engine/Content/EngineMaterials/Widget3DPassThrough_Opaque_OneSided.uasset" 408
"../../../Engine/Content/EngineMaterials/Widget3DPassThrough_Translucent.uasset" 409
"../../../Engine/Content/EngineMaterials/Widget3DPassThrough_Translucent_OneSided.uasset" 410
"../../../Engine/Content/EngineMeshes/Cylinder.uasset" 411
"../../../Engine/Content/EngineMeshes/Sphere.uasset" 412
"../../../Engine/Content/EngineResources/Black.uasset" 413
"../../../Engine/Content/EngineResources/DefaultTextureCube.uasset" 414
"../../../Engine/Content/EngineResources/DefaultVolumeTexture2D.uasset" 415
"../../../Engine/Content/EngineResources/DefaultVolumeTexture.uasset" 416
"../../../Engine/Content/EngineResources/GradientTexture0.uasset" 417
"../../../Engine/Content/EngineSky/VolumetricClouds/T_NoiseShape64.uasset" 418
"../../../Engine/Content/EngineSky/VolumetricClouds/T_VolumeNoiseShape64.uasset" 419
"../../../Engine/Content/EngineSky/VolumetricClouds/T_NoiseErosion.uasset" 420
"../../../Engine/Content/EngineSky/VolumetricClouds/T_VolumeNoiseErosion32.uasset" 421
"../../../Engine/Content/EngineSky/VolumetricClouds/CloudWeatherTexture.uasset" 422
"../../../Engine/Content/EngineSky/VolumetricClouds/CloudGradientTexture.uasset" 423
"../../../Engine/Content/Functions/Engine_MaterialFunctions02/Utility/MakeFloat2.uasset" 424
"../../../Engine/Content/EngineSky/VolumetricClouds/m_SimpleVolumetricCloud.uasset" 425
"../../../Engine/Content/EngineSky/VolumetricClouds/m_SimpleVolumetricCloud_Inst.uasset" 426
"../../../Engine/Content/EngineSounds/Master.uasset" 427
"../../../Engine/Content/Functions/Engine_MaterialFunctions01/Shading/PowerToRoughness.uasset" 428
"../../../Engine/Content/Maps/Templates/Thumbnails/Default.uasset" 429
"../../../Engine/Content/Maps/Templates/Thumbnails/TimeOfDay.uasset" 430
"../../../Engine/Content/Maps/Templates/Thumbnails/VR-Basic.uasset" 431
"../../../Engine/Content/MobileResources/T_MobileControls_texture.uasset" 432
"../../../Engine/Content/MobileResources/T_MobileMenu2.uasset" 433
"../../../Engine/Content/MobileResources/HUD/AnalogHat.uasset" 434
"../../../Engine/Content/MobileResources/HUD/VirtualJoystick_Thumb.uasset" 435
"../../../Engine/Content/MobileResources/HUD/VirtualJoystick_Background.uasset" 436
"../../../Engine/Content/MobileResources/HUD/DefaultVirtualJoysticks.uasset" 437
"../../../Engine/Content/MobileResources/HUD/LeftVirtualJoystickOnly.uasset" 438
"../../../Engine/Content/MobileResources/HUD/MobileHUDButton1_off.uasset" 439
"../../../Engine/Content/MobileResources/HUD/MobileHUDButton1_on.uasset" 440
"../../../Engine/Content/MobileResources/HUD/MobileHUDButton2_off.uasset" 441
"../../../Engine/Content/MobileResources/HUD/MobileHUDButton2_on.uasset" 442
"../../../Engine/Content/MobileResources/HUD/MobileHUDButton3.uasset" 443
"../../../Engine/Content/MobileResources/HUD/MobileHUDButtonFire.uasset" 444
"../../../Engine/Content/MobileResources/HUD/MobileHUDDirectionPad.uasset" 445
"../../../Engine/Content/MobileResources/HUD/MobileHUDDirectionPad2.uasset" 446
"../../../Engine/Content/MobileResources/HUD/MobileHUDDirectionPad3.uasset" 447
"../../../Engine/Content/MobileResources/HUD/MobileHUDDirectionStick.uasset" 448
"../../../Engine/Content/MobileResources/HUD/T_Castle_ThumbstickInner.uasset" 449
"../../../Engine/Content/MobileResources/HUD/T_Castle_ThumbstickOutter.uasset" 450
"../../../Engine/Content/Tutorial/ContentIntroCurve.uasset" 451
"../../../Engine/Content/Tutorial/Basics/LevelEditorAttract.uasset" 452
"../../../Engine/Content/Tutorial/BlueprintTutorials/TutorialAssets/Blueprint_64x.uasset" 453
"../../../Engine/Content/Tutorial/BlueprintTutorials/BlueprintEditorTutorial.uasset" 454
"../../../Engine/Content/Tutorial/Landscape/TutorialAssets/Landscape.uasset" 455
"../../../Engine/Content/Tutorial/Landscape/LandscapeWalkThrough.uasset" 456
"../../../Engine/Content/Tutorial/Landscape/Landscape_Manage_Mode.uasset" 457
"../../../Engine/Content/Tutorial/Landscape/Landscape_Painting_Mode.uasset" 458
"../../../Engine/Content/Tutorial/Landscape/Landscape_Sculpt_Mode.uasset" 459
"../../../Engine/Content/Tutorial/SubEditors/GettingSubstance.uasset" 460
"../../../Engine/Content/Tutorial/SubEditors/MaterialEditorTutorial.uasset" 461
"../../../Engine/Content/Tutorial/SubEditors/TutorialAssets/TutorialMaterial.uasset" 462
"../../../Engine/Content/VREditor/TransformGizmo/TranslucentTransformGizmoMaterial.uasset" 463
"../../../Engine/Content/VREditor/LaserPointer/VR_LaserPower_01.uasset" 464
"../../../Engine/Content/VREditor/TransformGizmo/TransformGizmoMaterial.uasset" 465
"../../../Engine/Content/VREditor/TransformGizmo/BoundingBoxCorner.uasset" 466
"../../../Engine/Content/VREditor/TransformGizmo/BoundingBoxEdge.uasset" 467
"../../../Engine/Content/VREditor/TransformGizmo/PlaneTranslationHandle.uasset" 468
"../../../Engine/Content/VREditor/TransformGizmo/Xray.uasset" 469
"../../../Engine/Content/VREditor/TransformGizmo/Main.uasset" 470
"../../../Engine/Content/VREditor/TransformGizmo/SM_Sequencer_Key.uasset" 471
"../../../Engine/Content/VREditor/TransformGizmo/SM_Sequencer_Node.uasset" 472
"../../Plugins/2D/Paper2D/Content/PlaceholderTextures/DummySpriteTexture.uasset" 473
"../../Plugins/2D/Paper2D/Content/DummySprite.uasset" 474
"../../Plugins/2D/Paper2D/Content/DefaultPaperTerrainMaterial.uasset" 475
"../../Plugins/2D/Paper2D/Content/DefaultSpriteMaterial.uasset" 476
"../../Plugins/2D/Paper2D/Content/MaskedUnlitSpriteMaterial.uasset" 477
"../../Plugins/2D/Paper2D/Content/OpaqueUnlitSpriteMaterial.uasset" 478
"../../../Engine/Content/Functions/Engine_MaterialFunctions02/Utility/BreakOutFloat3Components.uasset" 479
"../../Plugins/Editor/SpeedTreeImporter/Content/SpeedTree9/UnpackInteger3.uasset" 480
"../../Plugins/Editor/SpeedTreeImporter/Content/SpeedTree9/UnpackDirection.uasset" 481
"../../Plugins/Editor/SpeedTreeImporter/Content/SpeedTree9/game_wind_noise.uasset" 482
"../../../Engine/Content/Functions/Engine_MaterialFunctions02/SafeNormalize.uasset" 483
"../../Plugins/Editor/SpeedTreeImporter/Content/SpeedTree9/SpeedTreeWindMotion.uasset" 484
"../../Plugins/Editor/SpeedTreeImporter/Content/SpeedTree9/SpeedTreeBranchMotion.uasset" 485
"../../../Engine/Content/Functions/Engine_MaterialFunctions02/ObjectLocalBounds.uasset" 486
"../../../Engine/Content/Functions/Engine_MaterialFunctions02/UVs/BoundingBoxBased_0-1_UVW.uasset" 487
"../../Plugins/Editor/SpeedTreeImporter/Content/SpeedTree9/SpeedTreeWind.uasset" 488
"../../Plugins/Editor/SpeedTreeImporter/Content/SpeedTree9/SpeedTreeBillboard.uasset" 489
"../../Plugins/Editor/SpeedTreeImporter/Content/SpeedTree9/SpeedTreeBillboardMaster.uasset" 490
"../../Plugins/Editor/SpeedTreeImporter/Content/SpeedTree9/SpeedTreeCameraFacing.uasset" 491
"../../Plugins/Editor/SpeedTreeImporter/Content/SpeedTree9/SpeedTreeMaster.uasset" 492
"../../Plugins/Experimental/ControlRig/Content/M_Manip.uasset" 493
"../../Plugins/Experimental/ControlRig/Content/Controls/ControlRigGizmoMaterial.uasset" 494
"../../Plugins/Experimental/ControlRig/Content/Controls/ControlRig_Arrow2_1mm.uasset" 495
"../../Plugins/Experimental/ControlRig/Content/Controls/ControlRig_Arrow2_3mm.uasset" 496
"../../Plugins/Experimental/ControlRig/Content/Controls/ControlRig_Arrow2_solid.uasset" 497
"../../Plugins/Experimental/ControlRig/Content/Controls/ControlRig_Arrow4_1mm.uasset" 498
"../../Plugins/Experimental/ControlRig/Content/Controls/ControlRig_Arrow4_3mm.uasset" 499
"../../Plugins/Experimental/ControlRig/Content/Controls/ControlRig_Arrow4_solid.uasset" 500
"../../Plugins/Experimental/ControlRig/Content/Controls/ControlRig_Arrow_1mm.uasset" 501
"../../Plugins/Experimental/ControlRig/Content/Controls/ControlRig_Arrow_3mm.uasset" 502
"../../Plugins/Experimental/ControlRig/Content/Controls/ControlRig_Arrow_solid.uasset" 503
"../../Plugins/Experimental/ControlRig/Content/Controls/ControlRig_Box_1mm.uasset" 504
"../../Plugins/Experimental/ControlRig/Content/Controls/ControlRig_Box_3mm.uasset" 505
"../../Plugins/Experimental/ControlRig/Content/Controls/ControlRig_Box_solid.uasset" 506
"../../Plugins/Experimental/ControlRig/Content/Controls/ControlRig_Circle_1mm.uasset" 507
"../../Plugins/Experimental/ControlRig/Content/Controls/ControlRig_Circle_3mm.uasset" 508
"../../Plugins/Experimental/ControlRig/Content/Controls/ControlRig_Circle_solid.uasset" 509
"../../Plugins/Experimental/ControlRig/Content/Controls/ControlRig_Diamond_1mm.uasset" 510
"../../Plugins/Experimental/ControlRig/Content/Controls/ControlRig_Diamond_3mm.uasset" 511
"../../Plugins/Experimental/ControlRig/Content/Controls/ControlRig_Diamond_solid.uasset" 512
"../../Plugins/Experimental/ControlRig/Content/Controls/ControlRig_HalfCircle_1mm.uasset" 513
"../../Plugins/Experimental/ControlRig/Content/Controls/ControlRig_HalfCircle_3mm.uasset" 514
"../../Plugins/Experimental/ControlRig/Content/Controls/ControlRig_HalfCircle_solid.uasset" 515
"../../Plugins/Experimental/ControlRig/Content/Controls/ControlRig_Hexagon_1mm.uasset" 516
"../../Plugins/Experimental/ControlRig/Content/Controls/ControlRig_Hexagon_3mm.uasset" 517
"../../Plugins/Experimental/ControlRig/Content/Controls/ControlRig_Hexagon_solid.uasset" 518
"../../Plugins/Experimental/ControlRig/Content/Controls/ControlRig_Octagon_1mm.uasset" 519
"../../Plugins/Experimental/ControlRig/Content/Controls/ControlRig_Octagon_3mm.uasset" 520
"../../Plugins/Experimental/ControlRig/Content/Controls/ControlRig_Octagon_solid.uasset" 521
"../../Plugins/Experimental/ControlRig/Content/Controls/ControlRig_Pyramid_1mm.uasset" 522
"../../Plugins/Experimental/ControlRig/Content/Controls/ControlRig_Pyramid_3mm.uasset" 523
"../../Plugins/Experimental/ControlRig/Content/Controls/ControlRig_Pyramid_solid.uasset" 524
"../../Plugins/Experimental/ControlRig/Content/Controls/ControlRig_QuarterCircle_1mm.uasset" 525
"../../Plugins/Experimental/ControlRig/Content/Controls/ControlRig_QuarterCircle_3mm.uasset" 526
"../../Plugins/Experimental/ControlRig/Content/Controls/ControlRig_QuarterCircle_solid.uasset" 527
"../../Plugins/Experimental/ControlRig/Content/Controls/ControlRig_RoundedSquare_1mm.uasset" 528
"../../Plugins/Experimental/ControlRig/Content/Controls/ControlRig_RoundedSquare_3mm.uasset" 529
"../../Plugins/Experimental/ControlRig/Content/Controls/ControlRig_RoundedSquare_solid.uasset" 530
"../../Plugins/Experimental/ControlRig/Content/Controls/ControlRig_RoundedTriangle_1mm.uasset" 531
"../../Plugins/Experimental/ControlRig/Content/Controls/ControlRig_RoundedTriangle_3mm.uasset" 532
"../../Plugins/Experimental/ControlRig/Content/Controls/ControlRig_RoundedTriangle_solid.uasset" 533
"../../Plugins/Experimental/ControlRig/Content/Controls/ControlRig_Sphere_1mm.uasset" 534
"../../Plugins/Experimental/ControlRig/Content/Controls/ControlRig_Sphere_3mm.uasset" 535
"../../Plugins/Experimental/ControlRig/Content/Controls/ControlRig_Sphere_solid.uasset" 536
"../../Plugins/Experimental/ControlRig/Content/Controls/ControlRig_Square_1mm.uasset" 537
"../../Plugins/Experimental/ControlRig/Content/Controls/ControlRig_Square_3mm.uasset" 538
"../../Plugins/Experimental/ControlRig/Content/Controls/ControlRig_Square_solid.uasset" 539
"../../Plugins/Experimental/ControlRig/Content/Controls/ControlRig_Star4_1mm.uasset" 540
"../../Plugins/Experimental/ControlRig/Content/Controls/ControlRig_Star4_3mm.uasset" 541
"../../Plugins/Experimental/ControlRig/Content/Controls/ControlRig_Star4_solid.uasset" 542
"../../Plugins/Experimental/ControlRig/Content/Controls/ControlRig_Triangle_1mm.uasset" 543
"../../Plugins/Experimental/ControlRig/Content/Controls/ControlRig_Triangle_3mm.uasset" 544
"../../Plugins/Experimental/ControlRig/Content/Controls/ControlRig_Triangle_solid.uasset" 545
"../../Plugins/Experimental/ControlRig/Content/Controls/ControlRig_Wedge_1mm.uasset" 546
"../../Plugins/Experimental/ControlRig/Content/Controls/ControlRig_Wedge_3mm.uasset" 547
"../../Plugins/Experimental/ControlRig/Content/Controls/ControlRig_Wedge_solid.uasset" 548
"../../Plugins/Experimental/ControlRig/Content/Controls/DefaultGizmoLibrary.uasset" 549
"../../../Engine/Content/ArtTools/RenderToTexture/Materials/Debug/M_Emissive_Color.uasset" 550
"../../../Engine/Content/BasicShapes/Cylinder.uasset" 551
"../../Plugins/Lumin/MagicLeapPassableWorld/Content/MagicLeapARPinInfoActor.uasset" 552
"../../Plugins/Marketplace/PowerIK/Content/Step_Height_Curve.uasset" 553
"../../Plugins/Marketplace/PowerIK/Content/Step_Speed_Curve.uasset" 554
"../../../Engine/Content/Functions/Engine_MaterialFunctions02/Utility/BreakOutFloat4Components.uasset" 555
"../../../Engine/Content/Functions/Engine_MaterialFunctions02/Utility/MakeFloat3.uasset" 556
"../../Plugins/Runtime/Oculus/OculusVR/Content/Materials/OculusMR_ChromaKey.uasset" 557
"../../Plugins/Runtime/Oculus/OculusVR/Content/Materials/OculusMR_OpaqueColoredMaterial.uasset" 558
"../../Plugins/Runtime/Oculus/OculusVR/Content/Materials/PokeAHoleMaterial.uasset" 559
"../../../../../../Projects/Unreal Engine/Lutenium/Lutenium/Content/Levels/main_BuiltData.uasset" 560
"../../../../../../Projects/Unreal Engine/Lutenium/Lutenium/Content/Levels/main.umap" 561
"../../../Engine/Content/EngineMaterials/DefaultPhysicalMaterial.uasset" 562
"../../../Engine/Content/EngineMaterials/DefaultCubemap.uasset" 563
"../../../Engine/Content/BasicShapes/Cube.uasset" 564
"../../../../../../Projects/Unreal Engine/Lutenium/Lutenium/Content/Levels/1_BuiltData.uasset" 565
"../../../../../../Projects/Unreal Engine/Lutenium/Lutenium/Content/Blueprints/LutheniumGameMode_BP.uasset" 566
"../../../../../../Projects/Unreal Engine/Lutenium/Lutenium/Content/Art/VFX/Materials/M_VFX_EngineFlame.uasset" 567
"../../../../../../Projects/Unreal Engine/Lutenium/Lutenium/Content/Flying/Meshes/GrayMaterial.uasset" 568
"../../../../../../Projects/Unreal Engine/Lutenium/Lutenium/Content/Art/Models/Building/Shell/Shell_Texture.uasset" 569
"../../../../../../Projects/Unreal Engine/Lutenium/Lutenium/Content/Art/Models/Building/Shell/M_Shell.uasset" 570
"../../../../../../Projects/Unreal Engine/Lutenium/Lutenium/Content/Art/VFX/Enviroment/NE_Powerline.uasset" 571
"../../../../../../Projects/Unreal Engine/Lutenium/Lutenium/Content/Art/VFX/Enviroment/NS_Powerline.uasset" 572
"../../../../../../Projects/Unreal Engine/Lutenium/Lutenium/Content/Art/Models/Eviroments/TransmitionTower/RoofTransmitionTower_2.uasset" 573
"../../../../../../Projects/Unreal Engine/Lutenium/Lutenium/Content/Art/Models/Eviroments/TransmitionTower/RoofTransmitionTower.uasset" 574
"../../../../../../Projects/Unreal Engine/Lutenium/Lutenium/Content/Art/Models/Eviroments/TransmitionTower/M_Cable.uasset" 575
"../../../../../../Projects/Unreal Engine/Lutenium/Lutenium/Content/Art/Models/Eviroments/TransmitionTower/Cable.uasset" 576
"../../../../../../Projects/Unreal Engine/Lutenium/Lutenium/Content/Blueprints/Enviroment/PowerLine/BP_RoofPowerlineSystem.uasset" 577
"../../../../../../Projects/Unreal Engine/Lutenium/Lutenium/Content/Art/Models/Eviroments/Concrete_Fence/T_Concrete_Fence.uasset" 578
"../../../../../../Projects/Unreal Engine/Lutenium/Lutenium/Content/Art/Models/Eviroments/Concrete_Fence/M_Concrete_Fence.uasset" 579
"../../../../../../Projects/Unreal Engine/Lutenium/Lutenium/Content/Art/Models/Eviroments/Concrete_Fence/Concrete_Fence.uasset" 580
"../../../../../../Projects/Unreal Engine/Lutenium/Lutenium/Content/Blueprints/Enviroment/Concrete_Fence/BP_Concrete_Fence.uasset" 581
"../../../../../../Projects/Unreal Engine/Lutenium/Lutenium/Content/Art/Models/Building/Shell/Shell.uasset" 582
"../../../../../../Projects/Unreal Engine/Lutenium/Lutenium/Content/Blueprints/Enviroment/Building/Shell/BP_Shell.uasset" 583
"../../../../../../Projects/Unreal Engine/Lutenium/Lutenium/Content/Art/Models/Railroads/Railroad_texture.uasset" 584
"../../../../../../Projects/Unreal Engine/Lutenium/Lutenium/Content/Art/Models/Railroads/M_Railroad.uasset" 585
"../../../../../../Projects/Unreal Engine/Lutenium/Lutenium/Content/Art/Models/Railroads/Railroad.uasset" 586
"../../../../../../Projects/Unreal Engine/Lutenium/Lutenium/Content/Blueprints/Enviroment/Building/Railroad/BP_Railroad.uasset" 587
"../../../../../../Projects/Unreal Engine/Lutenium/Lutenium/Content/Art/Models/Building/Bridge/Bridge_Porch.uasset" 588
"../../../../../../Projects/Unreal Engine/Lutenium/Lutenium/Content/Blueprints/Enviroment/Building/Bridge/BP_Bridge.uasset" 589
"../../../../../../Projects/Unreal Engine/Lutenium/Lutenium/Content/Art/Models/Building/Beam/Beam_Platform_Texture.uasset" 590
"../../../../../../Projects/Unreal Engine/Lutenium/Lutenium/Content/Art/Models/Building/Beam/M_Building_Beam_Support.uasset" 591
"../../../../../../Projects/Unreal Engine/Lutenium/Lutenium/Content/Art/Models/Building/Beam/Building_Beam_Platform.uasset" 592
"../../../../../../Projects/Unreal Engine/Lutenium/Lutenium/Content/Art/Models/Building/Beam/Beam_Body_Texture.uasset" 593
"../../../../../../Projects/Unreal Engine/Lutenium/Lutenium/Content/Art/Models/Building/Beam/M_Building_Beam_Body.uasset" 594
"../../../../../../Projects/Unreal Engine/Lutenium/Lutenium/Content/Art/Models/Building/Beam/Building_Beam_Body.uasset" 595
"../../../../../../Projects/Unreal Engine/Lutenium/Lutenium/Content/Blueprints/Enviroment/Building/Beam/BP_Beam.uasset" 596
"../../../../../../Projects/Unreal Engine/Lutenium/Lutenium/Content/Blueprints/Enviroment/Building/Direction.uasset" 597
"../../../../../../Projects/Unreal Engine/Lutenium/Lutenium/Content/Art/Models/Building/Dryer/Dryer.uasset" 598
"../../../../../../Projects/Unreal Engine/Lutenium/Lutenium/Content/Art/Models/Building/Block/block_roof.uasset" 599
"../../../../../../Projects/Unreal Engine/Lutenium/Lutenium/Content/Art/Models/Building/Block/block_right_roof.uasset" 600
"../../../../../../Projects/Unreal Engine/Lutenium/Lutenium/Content/Art/Models/Building/Block/block_porch.uasset" 601
"../../../../../../Projects/Unreal Engine/Lutenium/Lutenium/Content/Art/Models/Building/Block/block_left_roof.uasset" 602
"../../../../../../Projects/Unreal Engine/Lutenium/Lutenium/Content/Art/Models/Building/Block/block_foundation.uasset" 603
"../../../../../../Projects/Unreal Engine/Lutenium/Lutenium/Content/Art/Models/Building/Block/block_center_roof.uasset" 604
"../../../../../../Projects/Unreal Engine/Lutenium/Lutenium/Content/Art/Models/Building/Block/Block_Balcony.uasset" 605
"../../../../../../Projects/Unreal Engine/Lutenium/Lutenium/Content/Art/Models/Building/Block/Block.uasset" 606
"../../../../../../Projects/Unreal Engine/Lutenium/Lutenium/Content/Blueprints/Enviroment/Building/Building_BP.uasset" 607
"../../../../../../Projects/Unreal Engine/Lutenium/Lutenium/Content/Art/PostProcessing/PS1/PostProcess/T_DitherPatterns.uasset" 608
"../../../Engine/Content/Functions/Engine_MaterialFunctions02/ScreenResolution.uasset" 609
"../../../../../../Projects/Unreal Engine/Lutenium/Lutenium/Content/Art/PostProcessing/PS1/PostProcess/PP_RetroLook.uasset" 610
"../../../../../../Projects/Unreal Engine/Lutenium/Lutenium/Content/Art/PostProcessing/PS1/PostProcess/PP_CheapFog.uasset" 611
"../../../../../../Projects/Unreal Engine/Lutenium/Lutenium/Content/Art/PostProcessing/PP_DistanceFog.uasset" 612
"../../../../../../Projects/Unreal Engine/Lutenium/Lutenium/Content/Art/PostProcessing/M_PP_Fog.uasset" 613
"../../../../../../Projects/Unreal Engine/Lutenium/Lutenium/Content/Art/PostProcessing/M_PP_Fog_Inst.uasset" 614
"../../../../../../Projects/Unreal Engine/Lutenium/Lutenium/Content/Art/Models/Foliage/Container_3.uasset" 615
"../../../../../../Projects/Unreal Engine/Lutenium/Lutenium/Content/Art/Models/Foliage/Container_2.uasset" 616
"../../../../../../Projects/Unreal Engine/Lutenium/Lutenium/Content/Art/Models/Eviroments/Trash/T_Trash.uasset" 617
"../../../../../../Projects/Unreal Engine/Lutenium/Lutenium/Content/Art/Models/Eviroments/Trash/M_Trash.uasset" 618
"../../../../../../Projects/Unreal Engine/Lutenium/Lutenium/Content/Art/Models/Eviroments/Trash/Trash.uasset" 619
"../../../../../../Projects/Unreal Engine/Lutenium/Lutenium/Content/Art/Models/Eviroments/TransmitionTower/T_RoofTransmitionGallon.uasset" 620
"../../../../../../Projects/Unreal Engine/Lutenium/Lutenium/Content/Art/Models/Eviroments/TransmitionTower/M_RoofTransformationGallon.uasset" 621
"../../../../../../Projects/Unreal Engine/Lutenium/Lutenium/Content/Art/Models/Eviroments/TransmitionTower/T_RoofTransmitionBuilding.uasset" 622
"../../../../../../Projects/Unreal Engine/Lutenium/Lutenium/Content/Art/Models/Eviroments/TransmitionTower/M_RoofTransformationBuilding.uasset" 623
"../../../../../../Projects/Unreal Engine/Lutenium/Lutenium/Content/Art/Models/Eviroments/TransmitionTower/RoofTransformationBuilding.uasset" 624
"../../../../../../Projects/Unreal Engine/Lutenium/Lutenium/Content/Art/Models/Eviroments/Roof_Texts/T_Text_Victory_Text.uasset" 625
"../../../../../../Projects/Unreal Engine/Lutenium/Lutenium/Content/Art/Models/Eviroments/Roof_Texts/M_Text_Victory_Text.uasset" 626
"../../../../../../Projects/Unreal Engine/Lutenium/Lutenium/Content/Art/Models/Eviroments/Roof_Texts/T_Text_Victory.uasset" 627
"../../../../../../Projects/Unreal Engine/Lutenium/Lutenium/Content/Art/Models/Eviroments/Roof_Texts/M_Text_Victory_Support.uasset" 628
"../../../../../../Projects/Unreal Engine/Lutenium/Lutenium/Content/Art/Models/Eviroments/Roof_Texts/T_Text_Victory_Cube.uasset" 629
"../../../../../../Projects/Unreal Engine/Lutenium/Lutenium/Content/Art/Models/Eviroments/Roof_Texts/M_Text_Victory_Cube.uasset" 630
"../../../../../../Projects/Unreal Engine/Lutenium/Lutenium/Content/Art/Models/Eviroments/Roof_Texts/STM_Text_Victory.uasset" 631
"../../../../../../Projects/Unreal Engine/Lutenium/Lutenium/Content/Art/Models/Eviroments/Roof_Texts/T_Text_Enemy_Defeat_Text.uasset" 632
"../../../../../../Projects/Unreal Engine/Lutenium/Lutenium/Content/Art/Models/Eviroments/Roof_Texts/M_Text_Enemy_Defeat_Text.uasset" 633
"../../../../../../Projects/Unreal Engine/Lutenium/Lutenium/Content/Art/Models/Eviroments/Roof_Texts/M_Text_Enemy_Defeat_Cube.uasset" 634
"../../../../../../Projects/Unreal Engine/Lutenium/Lutenium/Content/Art/Models/Eviroments/Roof_Texts/STM_Text_Enemy_Defeat.uasset" 635
"../../../../../../Projects/Unreal Engine/Lutenium/Lutenium/Content/Art/Models/Eviroments/LightLamp/LightLamp_WithoutLight.uasset" 636
"../../../../../../Projects/Unreal Engine/Lutenium/Lutenium/Content/Art/Models/Eviroments/Flag/T_FlagStock.uasset" 637
"../../../../../../Projects/Unreal Engine/Lutenium/Lutenium/Content/Art/Models/Eviroments/Flag/M_FlagStock.uasset" 638
"../../../../../../Projects/Unreal Engine/Lutenium/Lutenium/Content/Art/Models/Eviroments/Flag/FlagStock.uasset" 639
"../../../../../../Projects/Unreal Engine/Lutenium/Lutenium/Content/Art/Models/Eviroments/ComunicationTower/T_CT_Beam.uasset" 640
"../../../../../../Projects/Unreal Engine/Lutenium/Lutenium/Content/Art/Models/Eviroments/ComunicationTower/M_CT_Beam.uasset" 641
"../../../../../../Projects/Unreal Engine/Lutenium/Lutenium/Content/Art/Models/Eviroments/ComunicationTower/T_CommunicationTower.uasset" 642
"../../../../../../Projects/Unreal Engine/Lutenium/Lutenium/Content/Art/Models/Eviroments/ComunicationTower/M_CommunicationTower.uasset" 643
"../../../../../../Projects/Unreal Engine/Lutenium/Lutenium/Content/Art/Models/Eviroments/ComunicationTower/T_CT_Cone.uasset" 644
"../../../../../../Projects/Unreal Engine/Lutenium/Lutenium/Content/Art/Models/Eviroments/ComunicationTower/M_CM_Cone.uasset" 645
"../../../../../../Projects/Unreal Engine/Lutenium/Lutenium/Content/Art/Models/Eviroments/ComunicationTower/CommunicationTower.uasset" 646
"../../../../../../Projects/Unreal Engine/Lutenium/Lutenium/Content/Art/Models/Eviroments/ComunicationBox/T_ComunicationBox_2.uasset" 647
"../../../../../../Projects/Unreal Engine/Lutenium/Lutenium/Content/Art/Models/Eviroments/ComunicationBox/M_ComunicationBox_2.uasset" 648
"../../../../../../Projects/Unreal Engine/Lutenium/Lutenium/Content/Art/Models/Eviroments/ComunicationBox/ComunicationBox_2.uasset" 649
"../../../../../../Projects/Unreal Engine/Lutenium/Lutenium/Content/Art/Models/Eviroments/ComunicationBox/T_ComunicationBox.uasset" 650
"../../../../../../Projects/Unreal Engine/Lutenium/Lutenium/Content/Art/Models/Eviroments/ComunicationBox/M_CommunicationBox.uasset" 651
"../../../../../../Projects/Unreal Engine/Lutenium/Lutenium/Content/Art/Models/Eviroments/ComunicationBox/ComunicationBox.uasset" 652
"../../../../../../Projects/Unreal Engine/Lutenium/Lutenium/Content/Art/Models/Building/Factory/cylinder_factory.uasset" 653
"../../../../../../Projects/Unreal Engine/Lutenium/Lutenium/Content/Art/Models/Building/Factory/M_factory_cylender.uasset" 654
"../../../../../../Projects/Unreal Engine/Lutenium/Lutenium/Content/Art/Models/Building/Factory/factory_cylinder.uasset" 655
"../../../../../../Projects/Unreal Engine/Lutenium/Lutenium/Content/Art/Models/Building/Factory/factory_building1.uasset" 656
"../../../../../../Projects/Unreal Engine/Lutenium/Lutenium/Content/Art/Models/Building/Factory/M_factory_building.uasset" 657
"../../../../../../Projects/Unreal Engine/Lutenium/Lutenium/Content/Art/Models/Building/Factory/factory_building.uasset" 658
"../../../../../../Projects/Unreal Engine/Lutenium/Lutenium/Content/Art/Models/Building/Factory/T_FactoryBlock_1.uasset" 659
"../../../../../../Projects/Unreal Engine/Lutenium/Lutenium/Content/Art/Models/Building/Factory/M_FactoryBlcok_1.uasset" 660
"../../../../../../Projects/Unreal Engine/Lutenium/Lutenium/Content/Art/Models/Building/Factory/FactoryBlock_1.uasset" 661
"../../../../../../Projects/Unreal Engine/Lutenium/Lutenium/Content/Art/Enviroment/Materials/M_Forest.uasset" 662
"../../../../../../Projects/Unreal Engine/Lutenium/Lutenium/Content/Art/Enviroment/Materials/M_Building.uasset" 663
"../../../../../../Projects/Unreal Engine/Lutenium/Lutenium/Content/Levels/1.umap" 664
"../../../Engine/Content/MapTemplates/SM_Template_Map_Floor.uasset" 665
"../../../Engine/Content/MapTemplates/TilingNoise05.uasset" 666
"../../../Engine/Content/Functions/Engine_MaterialFunctions02/SplitComponents.uasset" 667
"../../../Engine/Content/EngineSky/M_SkyTimeOfDay.uasset" 668
"../../../Engine/Content/BasicShapes/BasicShapeMaterial.uasset" 669
"../../../../../../Projects/Unreal Engine/Lutenium/Lutenium/Content/Levels/playground_BuiltData.uasset" 670
"../../../../../../Projects/Unreal Engine/Lutenium/Lutenium/Content/Blueprints/Monster/Bp_bs.uasset" 671
"../../../../../../Projects/Unreal Engine/Lutenium/Lutenium/Content/Art/Models/Monster/v2/SM_Monster_V2_PhysicsAsset.uasset" 672
"../../../../../../Projects/Unreal Engine/Lutenium/Lutenium/Content/Art/Models/Monster/v2/SM_Monster_V2.uasset" 673
"../../../../../../Projects/Unreal Engine/Lutenium/Lutenium/Content/Blueprints/PostEffects/BP_RetroPostProcess.uasset" 674
"../../../../../../Projects/Unreal Engine/Lutenium/Lutenium/Content/Art/MaterialFunctions/MI_Grass.uasset" 675
"../../../../../../Projects/Unreal Engine/Lutenium/Lutenium/Content/Levels/playground.umap" 676
"../../../Engine/Content/Maps/Entry_BuiltData.uasset" 677
"../../../Engine/Content/Maps/Entry.umap" 678
